Testsuite: comp207p.target.ConstantVariableFoldingTest
Tests run: 4, Failures: 2, Errors: 0, Skipped: 0, Time elapsed: 0.032 sec

Testcase: testMethodThree took 0 sec
Testcase: testMethodFour took 0.002 sec
	FAILED
expected:<true> but was:<false>
junit.framework.AssertionFailedError: expected:<true> but was:<false>
	at comp207p.target.ConstantVariableFoldingTest.testMethodFour(Unknown Source)

Testcase: testMethodOne took 0.001 sec
Testcase: testMethodTwo took 0.002 sec
	FAILED
expected:<1.67> but was:<0.67>
junit.framework.AssertionFailedError: expected:<1.67> but was:<0.67>
	at comp207p.target.ConstantVariableFoldingTest.testMethodTwo(Unknown Source)

